<?xml version="1.0" encoding="UTF-8"?>
<beans xmlns="http://www.springframework.org/schema/beans"
       xmlns:xsi="http://www.w3.org/2001/XMLSchema-instance"
       xmlns:util="http://www.springframework.org/schema/util"
       xsi:schemaLocation="http://www.springframework.org/schema/beans http://www.springframework.org/schema/beans/spring-beans.xsd http://www.springframework.org/schema/util http://www.springframework.org/schema/util/spring-util.xsd">

    <util:properties id="props" location="properties/database.properties"/>

    <!-- datasourceの登録 -->
    <bean id = "dataSource" class="org.springframework.jdbc.datasource.DriverManagerDataSource">
        <property name="driverClassName" value="#{props['db.driverClassName']}"/>
        <property name="url" value="#{props['db.url']}"/>
        <property name="username" value="#{props['db.username']}"/>
        <property name="password" value="#{props['db.password']}"/>
    </bean>

    <!-- mybatis : SqlSessionFactory bean 登録 -->
    <bean id = "sqlSessionFactory" class= "org.mybatis.spring.SqlSessionFactoryBean">
        <property name="dataSource" ref="dataSource" />
        <property name="configLocation" value="mybatis/mybatis-config.xml"/>
    </bean>

</beans>

